2023-11-16 08:26:41 +0000  Initial pipeline context: <IDEDistributionProcessingPipelineContext: 0x2a53551a0; archive(resolved)="<IDEArchive: 0x600019d56940>", distributionTask(resolved)="2", distributionDestination(resolved)="1", distributionMethod(resolved)="<IDEDistributionMethodDevelopmentSigned: 0x600007595f90>", team(resolved)="<IDEProvisioningDisambiguatableBasicTeam: 0x600006ff2e00; teamID='GDR7G9DSV8', teamName='jaewan Park', teamType='Individual', username='deundeunhaku@gmail.com', isFreeProvisioningTeam='0'>">
	Chain (15, self inclusive):
	<IDEDistributionProcessingPipelineContext: 0x2a53551a0; archive = "<IDEArchive: 0x600019d56940>", distributionMethod="<IDEDistributionMethodDevelopmentSigned: 0x600007595f90>", team="<IDEProvisioningDisambiguatableBasicTeam: 0x600006ff2e00; teamID='GDR7G9DSV8', teamName='jaewan Park', teamType='Individual', username='deundeunhaku@gmail.com', isFreeProvisioningTeam='0'>">
	<IDEDistributionProcessingPipelineContext: 0x2a5353330; archive = "<IDEArchive: 0x600019d56940>", distributionMethod="<IDEDistributionMethodDevelopmentSigned: 0x600007595f90>", team="<IDEProvisioningDisambiguatableBasicTeam: 0x600006ff2e00; teamID='GDR7G9DSV8', teamName='jaewan Park', teamType='Individual', username='deundeunhaku@gmail.com', isFreeProvisioningTeam='0'>">
	<IDEDistributionContext: 0x2a1b3a8b0; archive = "<IDEArchive: 0x600019d56940>", distributionMethod="<IDEDistributionMethodDevelopmentSigned: 0x600007595f90>", team="<IDEProvisioningDisambiguatableBasicTeam: 0x600006ff2e00; teamID='GDR7G9DSV8', teamName='jaewan Park', teamType='Individual', username='deundeunhaku@gmail.com', isFreeProvisioningTeam='0'>">
	<IDEDistributionContext: 0x2a534d010; archive = "<IDEArchive: 0x600019d56940>", distributionMethod="<IDEDistributionMethodDevelopmentSigned: 0x600007595f90>", team="<IDEProvisioningDisambiguatableBasicTeam: 0x600006ff2e00; teamID='GDR7G9DSV8', teamName='jaewan Park', teamType='Individual', username='deundeunhaku@gmail.com', isFreeProvisioningTeam='0'>">
	<IDEDistributionContext: 0x2a534c660; archive = "<IDEArchive: 0x600019d56940>", distributionMethod="<IDEDistributionMethodDevelopmentSigned: 0x600007595f90>", team="<IDEProvisioningDisambiguatableBasicTeam: 0x600006ff2e00; teamID='GDR7G9DSV8', teamName='jaewan Park', teamType='Individual', username='deundeunhaku@gmail.com', isFreeProvisioningTeam='0'>">
	<IDEDistributionContext: 0x2a534be30; archive = "<IDEArchive: 0x600019d56940>", distributionMethod="<IDEDistributionMethodDevelopmentSigned: 0x600007595f90>", team="<IDEProvisioningDisambiguatableBasicTeam: 0x600006ff2e00; teamID='GDR7G9DSV8', teamName='jaewan Park', teamType='Individual', username='deundeunhaku@gmail.com', isFreeProvisioningTeam='0'>">
	<IDEDistributionContext: 0x2a534f070; archive = "<IDEArchive: 0x600019d56940>", distributionMethod="<IDEDistributionMethodDevelopmentSigned: 0x600007595f90>", team="<IDEProvisioningDisambiguatableBasicTeam: 0x600006ff2e00; teamID='GDR7G9DSV8', teamName='jaewan Park', teamType='Individual', username='deundeunhaku@gmail.com', isFreeProvisioningTeam='0'>">
	<IDEDistributionContext: 0x2a534e830; archive = "<IDEArchive: 0x600019d56940>", distributionMethod="<IDEDistributionMethodDevelopmentSigned: 0x600007595f90>", team="<IDEProvisioningDisambiguatableBasicTeam: 0x600006ff2e00; teamID='GDR7G9DSV8', teamName='jaewan Park', teamType='Individual', username='deundeunhaku@gmail.com', isFreeProvisioningTeam='0'>">
	<IDEDistributionContext: 0x2a52c51b0; archive = "<IDEArchive: 0x600019d56940>", distributionMethod="<IDEDistributionMethodDevelopmentSigned: 0x600007595f90>", team="<IDEProvisioningDisambiguatableBasicTeam: 0x600006ff2e00; teamID='GDR7G9DSV8', teamName='jaewan Park', teamType='Individual', username='deundeunhaku@gmail.com', isFreeProvisioningTeam='0'>">
	<IDEDistributionContext: 0x293cea640; archive = "<IDEArchive: 0x600019d56940>", distributionMethod="<IDEDistributionMethodDevelopmentSigned: 0x600007595f90>", team="(null)">
	<IDEDistributionContext: 0x2a52ce320; archive = "<IDEArchive: 0x600019d56940>", distributionMethod="<IDEDistributionMethodDevelopmentSigned: 0x600007595f90>", team="(null)">
	<IDEDistributionContext: 0x2a531b690; archive = "<IDEArchive: 0x600019d56940>", distributionMethod="<IDEDistributionMethodDevelopmentSigned: 0x600007595f90>", team="(null)">
	<IDEDistributionContext: 0x10f16b230; archive = "<IDEArchive: 0x600019d56940>", distributionMethod="(null)", team="(null)">
	<IDEDistributionContext: 0x29527cca0; archive = "<IDEArchive: 0x600019d56940>", distributionMethod="(null)", team="(null)">
	<IDEDistributionContext: 0x1242b2c60; archive = "<IDEArchive: 0x600019d56940>", distributionMethod="(null)", team="(null)">
</IDEDistributionProcessingPipelineContext: 0x2a53551a0>
2023-11-16 08:26:41 +0000  Processing step: IDEDistributionCreateDestRootStep
2023-11-16 08:26:41 +0000  Processing step: IDEDistributionCopyItemStep
2023-11-16 08:26:41 +0000  Running /usr/bin/ditto '-V' '/Users/kimseongyu/Library/Developer/Xcode/Archives/2023-11-16/ReliableKkuFrontAdmin 11-16-23, 5.25 PM.xcarchive/Products/Applications/ReliableKkuFrontAdmin.app' '/var/folders/z0/rzll25vx7sscyyck33053g240000gn/T/XcodeDistPipeline.~~~W8AUcP/Root/Payload/ReliableKkuFrontAdmin.app'
2023-11-16 08:26:41 +0000  >>> Copying /Users/kimseongyu/Library/Developer/Xcode/Archives/2023-11-16/ReliableKkuFrontAdmin 11-16-23, 5.25 PM.xcarchive/Products/Applications/ReliableKkuFrontAdmin.app 
2023-11-16 08:26:41 +0000  copying file ./_CodeSignature/CodeResources ... 
2023-11-16 08:26:41 +0000  8750 bytes for ./_CodeSignature/CodeResources
2023-11-16 08:26:41 +0000  copying file ./ReliableKkuFrontAdmin ... 
2023-11-16 08:26:41 +0000  3871680 bytes for ./ReliableKkuFrontAdmin
2023-11-16 08:26:41 +0000  copying file ./AccessibilityResources.bundle/en.lproj/Localizable.strings ... 
518 bytes for ./AccessibilityResources.bundle/en.lproj/Localizable.strings
copying file ./AccessibilityResources.bundle/Info.plist ... 
2023-11-16 08:26:41 +0000  794 bytes for ./AccessibilityResources.bundle/Info.plist
2023-11-16 08:26:41 +0000  copying file ./main.jsbundle ... 
2023-11-16 08:26:41 +0000  7888075 bytes for ./main.jsbundle
2023-11-16 08:26:41 +0000  copying file ./LaunchScreen.storyboardc/01J-lp-oVM-view-Ze5-6b-2t3.nib ... 
3829 bytes for ./LaunchScreen.storyboardc/01J-lp-oVM-view-Ze5-6b-2t3.nib
copying file ./LaunchScreen.storyboardc/UIViewController-01J-lp-oVM.nib ... 
924 bytes for ./LaunchScreen.storyboardc/UIViewController-01J-lp-oVM.nib
copying file ./LaunchScreen.storyboardc/Info.plist ... 
258 bytes for ./LaunchScreen.storyboardc/Info.plist
2023-11-16 08:26:41 +0000  copying file ./Frameworks/hermes.framework/_CodeSignature/CodeResources ... 
2023-11-16 08:26:41 +0000  1798 bytes for ./Frameworks/hermes.framework/_CodeSignature/CodeResources
2023-11-16 08:26:41 +0000  copying file ./Frameworks/hermes.framework/hermes ... 
2023-11-16 08:26:41 +0000  508276416 bytes for ./Frameworks/hermes.framework/hermes
copying file ./Frameworks/hermes.framework/Info.plist ... 
2023-11-16 08:26:41 +0000  815 bytes for ./Frameworks/hermes.framework/Info.plist
copying file ./embedded.mobileprovision ... 
2023-11-16 08:26:41 +0000  17001 bytes for ./embedded.mobileprovision
2023-11-16 08:26:41 +0000  copying file ./assets/node_modules/@react-navigation/elements/src/assets/back-icon@3x.png ... 
2023-11-16 08:26:41 +0000  761 bytes for ./assets/node_modules/@react-navigation/elements/src/assets/back-icon@3x.png
2023-11-16 08:26:41 +0000  copying file ./assets/node_modules/@react-navigation/elements/src/assets/back-icon@2x.png ... 
2023-11-16 08:26:41 +0000  405 bytes for ./assets/node_modules/@react-navigation/elements/src/assets/back-icon@2x.png
2023-11-16 08:26:41 +0000  copying file ./assets/node_modules/@react-navigation/elements/src/assets/back-icon.png ... 
2023-11-16 08:26:41 +0000  290 bytes for ./assets/node_modules/@react-navigation/elements/src/assets/back-icon.png
2023-11-16 08:26:41 +0000  copying file ./assets/node_modules/@react-navigation/elements/src/assets/back-icon-mask.png ... 
2023-11-16 08:26:41 +0000  913 bytes for ./assets/node_modules/@react-navigation/elements/src/assets/back-icon-mask.png
2023-11-16 08:26:41 +0000  copying file ./assets/node_modules/react-native-calendars/src/calendar/img/previous@2x.png ... 
2023-11-16 08:26:41 +0000  458 bytes for ./assets/node_modules/react-native-calendars/src/calendar/img/previous@2x.png
2023-11-16 08:26:41 +0000  copying file ./assets/node_modules/react-native-calendars/src/calendar/img/next@2x.png ... 
2023-11-16 08:26:41 +0000  462 bytes for ./assets/node_modules/react-native-calendars/src/calendar/img/next@2x.png
2023-11-16 08:26:41 +0000  copying file ./assets/node_modules/react-native-calendars/src/img/down@3x.png ... 
2023-11-16 08:26:41 +0000  508 bytes for ./assets/node_modules/react-native-calendars/src/img/down@3x.png
2023-11-16 08:26:41 +0000  copying file ./assets/node_modules/react-native-calendars/src/img/down@2x.png ... 
2023-11-16 08:26:41 +0000  354 bytes for ./assets/node_modules/react-native-calendars/src/img/down@2x.png
2023-11-16 08:26:41 +0000  copying file ./assets/node_modules/react-native-calendars/src/img/up.png ... 
2023-11-16 08:26:41 +0000  215 bytes for ./assets/node_modules/react-native-calendars/src/img/up.png
2023-11-16 08:26:41 +0000  copying file ./assets/node_modules/react-native-calendars/src/img/down.png ... 
2023-11-16 08:26:41 +0000  208 bytes for ./assets/node_modules/react-native-calendars/src/img/down.png
2023-11-16 08:26:41 +0000  copying file ./assets/node_modules/react-native-calendars/src/img/up@2x.png ... 
2023-11-16 08:26:41 +0000  347 bytes for ./assets/node_modules/react-native-calendars/src/img/up@2x.png
2023-11-16 08:26:41 +0000  copying file ./assets/node_modules/react-native-calendars/src/img/up@3x.png ... 
2023-11-16 08:26:41 +0000  504 bytes for ./assets/node_modules/react-native-calendars/src/img/up@3x.png
2023-11-16 08:26:41 +0000  copying file ./assets/src/assets/sound/alram.mp3 ... 
2023-11-16 08:26:41 +0000  36864 bytes for ./assets/src/assets/sound/alram.mp3
2023-11-16 08:26:41 +0000  copying file ./Info.plist ... 
2023-11-16 08:26:41 +0000  1526 bytes for ./Info.plist
2023-11-16 08:26:41 +0000  copying file ./PkgInfo ... 
2023-11-16 08:26:41 +0000  8 bytes for ./PkgInfo
2023-11-16 08:26:41 +0000  /usr/bin/ditto exited with 0
2023-11-16 08:26:41 +0000  Processing step: IDEDistributionEmbedProfileStep
2023-11-16 08:26:41 +0000  Skipping profile for item: <IDEDistributionItem: 0x600019d1a520; bundleID='dev.hermesengine.iphoneos', path='<DVTFilePath:0x600009e88460:'/Users/kimseongyu/Library/Developer/Xcode/Archives/2023-11-16/ReliableKkuFrontAdmin 11-16-23, 5.25 PM.xcarchive/Products/Applications/ReliableKkuFrontAdmin.app/Frameworks/hermes.framework'>', codeSigningInfo='<_DVTCodeSigningInformation_Path: 0x60000d7d2d50; isSigned='1', isAdHocSigned='0', signingCertificate='<DVTSigningCertificate: 0x60000029e640; name='Apple Development: jaewan Park (H438FXFMC9)', hash='202B4ED30299C6F2BE537665D4EB7CCB6D9A0421', serialNumber='36CD1CD1B8683B4E189E8FD78426C26D', certificateKinds='(
    "1.2.840.113635.100.6.1.12",
    "1.2.840.113635.100.6.1.2"
), issueDate='2023-11-14 12:36:15 +0000''>', entitlements='(null)', teamID='GDR7G9DSV8', identifier='dev.hermesengine.iphoneos', executablePath='<DVTFilePath:0x600019d2efa0:'/Users/kimseongyu/Library/Developer/Xcode/Archives/2023-11-16/ReliableKkuFrontAdmin 11-16-23, 5.25 PM.xcarchive/Products/Applications/ReliableKkuFrontAdmin.app/Frameworks/hermes.framework/hermes'>', hardenedRuntime='0'>'>
2023-11-16 08:26:41 +0000  Processing step: IDEDistributionInfoPlistStep
2023-11-16 08:26:41 +0000  Skipping step: IDEDistributionInfoPlistStep because it said so
2023-11-16 08:26:41 +0000  Skipping step: IDEDistributionInfoPlistStep because it said so
2023-11-16 08:26:41 +0000  Processing step: IDEDistributionAppThinningPlistStep
2023-11-16 08:26:41 +0000  Skipping step: IDEDistributionAppThinningPlistStep because it said so
2023-11-16 08:26:41 +0000  Processing step: IDEDistributionCompileBitcodeStep
2023-11-16 08:26:41 +0000  Skipping step: IDEDistributionCompileBitcodeStep because it said so
2023-11-16 08:26:41 +0000  Processing step: IDEDistributionCodeSlimmingStep
2023-11-16 08:26:41 +0000  Running /Applications/Xcode.app/Contents/Developer/Toolchains/XcodeDefault.xctoolchain/usr/bin/bitcode_strip '/var/folders/z0/rzll25vx7sscyyck33053g240000gn/T/XcodeDistPipeline.~~~W8AUcP/Root/Payload/ReliableKkuFrontAdmin.app/Frameworks/hermes.framework/hermes' '-r' '-keep_cs' '-o' '/var/folders/z0/rzll25vx7sscyyck33053g240000gn/T/XcodeDistPipeline.~~~W8AUcP/Root/Payload/ReliableKkuFrontAdmin.app/Frameworks/hermes.framework/hermes'
2023-11-16 08:26:41 +0000  /Applications/Xcode.app/Contents/Developer/Toolchains/XcodeDefault.xctoolchain/usr/bin/bitcode_strip exited with 0
2023-11-16 08:26:41 +0000  Processing step: IDEDistributionCopyBCSymbolMapsStep
2023-11-16 08:26:41 +0000  Skipping step: IDEDistributionCopyBCSymbolMapsStep because it said so
2023-11-16 08:26:41 +0000  Skipping step: IDEDistributionCopyBCSymbolMapsStep because it said so
2023-11-16 08:26:41 +0000  Processing step: IDEDistributionSymbolsStep
2023-11-16 08:26:41 +0000  Skipping step: IDEDistributionSymbolsStep because it said so
2023-11-16 08:26:41 +0000  Skipping step: IDEDistributionSymbolsStep because it said so
2023-11-16 08:26:41 +0000  Processing step: IDEDistributionAppThinningStep
2023-11-16 08:26:41 +0000  Skipping step: IDEDistributionAppThinningStep because it said so
2023-11-16 08:26:41 +0000  Processing step: IDEDistributionArchThinningStep
2023-11-16 08:26:41 +0000  Running /Applications/Xcode.app/Contents/Developer/Toolchains/XcodeDefault.xctoolchain/usr/bin/lipo '/var/folders/z0/rzll25vx7sscyyck33053g240000gn/T/XcodeDistPipeline.~~~W8AUcP/Root/Payload/ReliableKkuFrontAdmin.app/Frameworks/hermes.framework/hermes' '-verify_arch' 'arm64e'
2023-11-16 08:26:41 +0000  /Applications/Xcode.app/Contents/Developer/Toolchains/XcodeDefault.xctoolchain/usr/bin/lipo exited with 1
2023-11-16 08:26:41 +0000  Skipping architecture thinning for item "hermes" because arch "arm64e" wasn't found
2023-11-16 08:26:41 +0000  Running /Applications/Xcode.app/Contents/Developer/Toolchains/XcodeDefault.xctoolchain/usr/bin/lipo '/var/folders/z0/rzll25vx7sscyyck33053g240000gn/T/XcodeDistPipeline.~~~W8AUcP/Root/Payload/ReliableKkuFrontAdmin.app/ReliableKkuFrontAdmin' '-verify_arch' 'arm64e'
2023-11-16 08:26:41 +0000  /Applications/Xcode.app/Contents/Developer/Toolchains/XcodeDefault.xctoolchain/usr/bin/lipo exited with 1
2023-11-16 08:26:41 +0000  Skipping architecture thinning for item "ReliableKkuFrontAdmin" because arch "arm64e" wasn't found
2023-11-16 08:26:41 +0000  Processing step: IDEDistributionODRStep
2023-11-16 08:26:41 +0000  Processing step: IDEDistributionStripXattrsStep
2023-11-16 08:26:41 +0000  Skipping stripping extended attributes because the codesign step will strip them.
2023-11-16 08:26:41 +0000  Skipping stripping extended attributes because the codesign step will strip them.
2023-11-16 08:26:41 +0000  Processing step: IDEDistributionCodesignStep
2023-11-16 08:26:41 +0000  Entitlements for <IDEDistributionItem: 0x600019d1a520; bundleID='dev.hermesengine.iphoneos', path='<DVTFilePath:0x600009e88460:'/Users/kimseongyu/Library/Developer/Xcode/Archives/2023-11-16/ReliableKkuFrontAdmin 11-16-23, 5.25 PM.xcarchive/Products/Applications/ReliableKkuFrontAdmin.app/Frameworks/hermes.framework'>', codeSigningInfo='<_DVTCodeSigningInformation_Path: 0x60000d7d2d50; isSigned='1', isAdHocSigned='0', signingCertificate='<DVTSigningCertificate: 0x60000029f000; name='Apple Development: jaewan Park (H438FXFMC9)', hash='202B4ED30299C6F2BE537665D4EB7CCB6D9A0421', serialNumber='36CD1CD1B8683B4E189E8FD78426C26D', certificateKinds='(
    "1.2.840.113635.100.6.1.12",
    "1.2.840.113635.100.6.1.2"
), issueDate='2023-11-14 12:36:15 +0000''>', entitlements='(null)', teamID='GDR7G9DSV8', identifier='dev.hermesengine.iphoneos', executablePath='<DVTFilePath:0x600019d2efa0:'/Users/kimseongyu/Library/Developer/Xcode/Archives/2023-11-16/ReliableKkuFrontAdmin 11-16-23, 5.25 PM.xcarchive/Products/Applications/ReliableKkuFrontAdmin.app/Frameworks/hermes.framework/hermes'>', hardenedRuntime='0'>'>: {
}
2023-11-16 08:26:41 +0000  Associated App Clip Identifiers Filter: Skipping because "com.apple.developer.associated-appclip-app-identifiers" is not present
2023-11-16 08:26:41 +0000  Entitlements for <IDEDistributionItem: 0x600019d1a520; bundleID='dev.hermesengine.iphoneos', path='<DVTFilePath:0x600009e88460:'/Users/kimseongyu/Library/Developer/Xcode/Archives/2023-11-16/ReliableKkuFrontAdmin 11-16-23, 5.25 PM.xcarchive/Products/Applications/ReliableKkuFrontAdmin.app/Frameworks/hermes.framework'>', codeSigningInfo='<_DVTCodeSigningInformation_Path: 0x60000d7d2d50; isSigned='1', isAdHocSigned='0', signingCertificate='<DVTSigningCertificate: 0x600000d07e40; name='Apple Development: jaewan Park (H438FXFMC9)', hash='202B4ED30299C6F2BE537665D4EB7CCB6D9A0421', serialNumber='36CD1CD1B8683B4E189E8FD78426C26D', certificateKinds='(
    "1.2.840.113635.100.6.1.12",
    "1.2.840.113635.100.6.1.2"
), issueDate='2023-11-14 12:36:15 +0000''>', entitlements='(null)', teamID='GDR7G9DSV8', identifier='dev.hermesengine.iphoneos', executablePath='<DVTFilePath:0x600019d2efa0:'/Users/kimseongyu/Library/Developer/Xcode/Archives/2023-11-16/ReliableKkuFrontAdmin 11-16-23, 5.25 PM.xcarchive/Products/Applications/ReliableKkuFrontAdmin.app/Frameworks/hermes.framework/hermes'>', hardenedRuntime='0'>'> are: {
}
2023-11-16 08:26:41 +0000  Writing entitlements for <IDEDistributionItem: 0x600019d1a520; bundleID='dev.hermesengine.iphoneos', path='<DVTFilePath:0x600009e88460:'/Users/kimseongyu/Library/Developer/Xcode/Archives/2023-11-16/ReliableKkuFrontAdmin 11-16-23, 5.25 PM.xcarchive/Products/Applications/ReliableKkuFrontAdmin.app/Frameworks/hermes.framework'>', codeSigningInfo='<_DVTCodeSigningInformation_Path: 0x60000d7d2d50; isSigned='1', isAdHocSigned='0', signingCertificate='<DVTSigningCertificate: 0x600000d06880; name='Apple Development: jaewan Park (H438FXFMC9)', hash='202B4ED30299C6F2BE537665D4EB7CCB6D9A0421', serialNumber='36CD1CD1B8683B4E189E8FD78426C26D', certificateKinds='(
    "1.2.840.113635.100.6.1.12",
    "1.2.840.113635.100.6.1.2"
), issueDate='2023-11-14 12:36:15 +0000''>', entitlements='(null)', teamID='GDR7G9DSV8', identifier='dev.hermesengine.iphoneos', executablePath='<DVTFilePath:0x600019d2efa0:'/Users/kimseongyu/Library/Developer/Xcode/Archives/2023-11-16/ReliableKkuFrontAdmin 11-16-23, 5.25 PM.xcarchive/Products/Applications/ReliableKkuFrontAdmin.app/Frameworks/hermes.framework/hermes'>', hardenedRuntime='0'>'> to: /var/folders/z0/rzll25vx7sscyyck33053g240000gn/T/XcodeDistPipeline.~~~W8AUcP/entitlements~~~Q24XSb
2023-11-16 08:26:41 +0000  Running /usr/bin/codesign '-vvv' '--force' '--sign' '202B4ED30299C6F2BE537665D4EB7CCB6D9A0421' '--entitlements' '/var/folders/z0/rzll25vx7sscyyck33053g240000gn/T/XcodeDistPipeline.~~~W8AUcP/entitlements~~~Q24XSb' '--generate-entitlement-der' '--preserve-metadata=identifier,flags,runtime' '/var/folders/z0/rzll25vx7sscyyck33053g240000gn/T/XcodeDistPipeline.~~~W8AUcP/Root/Payload/ReliableKkuFrontAdmin.app/Frameworks/hermes.framework'
2023-11-16 08:26:41 +0000  /var/folders/z0/rzll25vx7sscyyck33053g240000gn/T/XcodeDistPipeline.~~~W8AUcP/Root/Payload/ReliableKkuFrontAdmin.app/Frameworks/hermes.framework: replacing existing signature
2023-11-16 08:26:41 +0000  /var/folders/z0/rzll25vx7sscyyck33053g240000gn/T/XcodeDistPipeline.~~~W8AUcP/Root/Payload/ReliableKkuFrontAdmin.app/Frameworks/hermes.framework: signed bundle with Mach-O thin (arm64) [dev.hermesengine.iphoneos]
2023-11-16 08:26:41 +0000  /usr/bin/codesign exited with 0
2023-11-16 08:26:41 +0000  Entitlements for <IDEDistributionItem: 0x600019d1ae80; bundleID='org.reactjs.native.example.ReliableKkuFrontAdmin', path='<DVTFilePath:0x60000da7c880:'/Users/kimseongyu/Library/Developer/Xcode/Archives/2023-11-16/ReliableKkuFrontAdmin 11-16-23, 5.25 PM.xcarchive/Products/Applications/ReliableKkuFrontAdmin.app'>', codeSigningInfo='<_DVTCodeSigningInformation_Path: 0x60000d7df160; isSigned='1', isAdHocSigned='0', signingCertificate='<DVTSigningCertificate: 0x60000029f000; name='Apple Development: jaewan Park (H438FXFMC9)', hash='202B4ED30299C6F2BE537665D4EB7CCB6D9A0421', serialNumber='36CD1CD1B8683B4E189E8FD78426C26D', certificateKinds='(
    "1.2.840.113635.100.6.1.12",
    "1.2.840.113635.100.6.1.2"
), issueDate='2023-11-14 12:36:15 +0000''>', entitlements='{
    "application-identifier" = "GDR7G9DSV8.org.reactjs.native.example.ReliableKkuFrontAdmin";
    "com.apple.developer.team-identifier" = GDR7G9DSV8;
    "get-task-allow" = 1;
}', teamID='GDR7G9DSV8', identifier='org.reactjs.native.example.ReliableKkuFrontAdmin', executablePath='<DVTFilePath:0x60000dc44e70:'/Users/kimseongyu/Library/Developer/Xcode/Archives/2023-11-16/ReliableKkuFrontAdmin 11-16-23, 5.25 PM.xcarchive/Products/Applications/ReliableKkuFrontAdmin.app/ReliableKkuFrontAdmin'>', hardenedRuntime='0'>'>: {
    "application-identifier" = "GDR7G9DSV8.org.reactjs.native.example.ReliableKkuFrontAdmin";
    "com.apple.developer.team-identifier" = GDR7G9DSV8;
    "get-task-allow" = 1;
}
2023-11-16 08:26:41 +0000  Associated App Clip Identifiers Filter: Skipping because "com.apple.developer.associated-appclip-app-identifiers" is not present
2023-11-16 08:26:41 +0000  Entitlements for <IDEDistributionItem: 0x600019d1ae80; bundleID='org.reactjs.native.example.ReliableKkuFrontAdmin', path='<DVTFilePath:0x60000da7c880:'/Users/kimseongyu/Library/Developer/Xcode/Archives/2023-11-16/ReliableKkuFrontAdmin 11-16-23, 5.25 PM.xcarchive/Products/Applications/ReliableKkuFrontAdmin.app'>', codeSigningInfo='<_DVTCodeSigningInformation_Path: 0x60000d7df160; isSigned='1', isAdHocSigned='0', signingCertificate='<DVTSigningCertificate: 0x600000d07e40; name='Apple Development: jaewan Park (H438FXFMC9)', hash='202B4ED30299C6F2BE537665D4EB7CCB6D9A0421', serialNumber='36CD1CD1B8683B4E189E8FD78426C26D', certificateKinds='(
    "1.2.840.113635.100.6.1.12",
    "1.2.840.113635.100.6.1.2"
), issueDate='2023-11-14 12:36:15 +0000''>', entitlements='{
    "application-identifier" = "GDR7G9DSV8.org.reactjs.native.example.ReliableKkuFrontAdmin";
    "com.apple.developer.team-identifier" = GDR7G9DSV8;
    "get-task-allow" = 1;
}', teamID='GDR7G9DSV8', identifier='org.reactjs.native.example.ReliableKkuFrontAdmin', executablePath='<DVTFilePath:0x60000dc44e70:'/Users/kimseongyu/Library/Developer/Xcode/Archives/2023-11-16/ReliableKkuFrontAdmin 11-16-23, 5.25 PM.xcarchive/Products/Applications/ReliableKkuFrontAdmin.app/ReliableKkuFrontAdmin'>', hardenedRuntime='0'>'> are: {
    "application-identifier" = "GDR7G9DSV8.org.reactjs.native.example.ReliableKkuFrontAdmin";
    "com.apple.developer.team-identifier" = GDR7G9DSV8;
    "get-task-allow" = 1;
}
2023-11-16 08:26:41 +0000  Writing entitlements for <IDEDistributionItem: 0x600019d1ae80; bundleID='org.reactjs.native.example.ReliableKkuFrontAdmin', path='<DVTFilePath:0x60000da7c880:'/Users/kimseongyu/Library/Developer/Xcode/Archives/2023-11-16/ReliableKkuFrontAdmin 11-16-23, 5.25 PM.xcarchive/Products/Applications/ReliableKkuFrontAdmin.app'>', codeSigningInfo='<_DVTCodeSigningInformation_Path: 0x60000d7df160; isSigned='1', isAdHocSigned='0', signingCertificate='<DVTSigningCertificate: 0x600000d06880; name='Apple Development: jaewan Park (H438FXFMC9)', hash='202B4ED30299C6F2BE537665D4EB7CCB6D9A0421', serialNumber='36CD1CD1B8683B4E189E8FD78426C26D', certificateKinds='(
    "1.2.840.113635.100.6.1.12",
    "1.2.840.113635.100.6.1.2"
), issueDate='2023-11-14 12:36:15 +0000''>', entitlements='{
    "application-identifier" = "GDR7G9DSV8.org.reactjs.native.example.ReliableKkuFrontAdmin";
    "com.apple.developer.team-identifier" = GDR7G9DSV8;
    "get-task-allow" = 1;
}', teamID='GDR7G9DSV8', identifier='org.reactjs.native.example.ReliableKkuFrontAdmin', executablePath='<DVTFilePath:0x60000dc44e70:'/Users/kimseongyu/Library/Developer/Xcode/Archives/2023-11-16/ReliableKkuFrontAdmin 11-16-23, 5.25 PM.xcarchive/Products/Applications/ReliableKkuFrontAdmin.app/ReliableKkuFrontAdmin'>', hardenedRuntime='0'>'> to: /var/folders/z0/rzll25vx7sscyyck33053g240000gn/T/XcodeDistPipeline.~~~W8AUcP/entitlements~~~PbU2jW
2023-11-16 08:26:41 +0000  Running /usr/bin/codesign '-vvv' '--force' '--sign' '202B4ED30299C6F2BE537665D4EB7CCB6D9A0421' '--entitlements' '/var/folders/z0/rzll25vx7sscyyck33053g240000gn/T/XcodeDistPipeline.~~~W8AUcP/entitlements~~~PbU2jW' '--generate-entitlement-der' '--preserve-metadata=identifier,flags,runtime' '/var/folders/z0/rzll25vx7sscyyck33053g240000gn/T/XcodeDistPipeline.~~~W8AUcP/Root/Payload/ReliableKkuFrontAdmin.app'
2023-11-16 08:26:41 +0000  /var/folders/z0/rzll25vx7sscyyck33053g240000gn/T/XcodeDistPipeline.~~~W8AUcP/Root/Payload/ReliableKkuFrontAdmin.app: replacing existing signature
2023-11-16 08:26:41 +0000  /var/folders/z0/rzll25vx7sscyyck33053g240000gn/T/XcodeDistPipeline.~~~W8AUcP/Root/Payload/ReliableKkuFrontAdmin.app: signed app bundle with Mach-O thin (arm64) [org.reactjs.native.example.ReliableKkuFrontAdmin]
2023-11-16 08:26:41 +0000  /usr/bin/codesign exited with 0
2023-11-16 08:26:41 +0000  Processing step: IDEDistributionZipODRItemStep
2023-11-16 08:26:41 +0000  Skipping step: IDEDistributionZipODRItemStep because it said so
2023-11-16 08:26:41 +0000  Skipping step: IDEDistributionZipODRItemStep because it said so
2023-11-16 08:26:41 +0000  Processing step: IDEDistributionCreateIPAStep
2023-11-16 08:26:41 +0000  Running /usr/bin/ditto '-V' '-c' '-k' '--norsrc' '/var/folders/z0/rzll25vx7sscyyck33053g240000gn/T/XcodeDistPipeline.~~~W8AUcP/Root' '/var/folders/z0/rzll25vx7sscyyck33053g240000gn/T/XcodeDistPipeline.~~~W8AUcP/Packages/ReliableKkuFrontAdmin.ipa'
2023-11-16 08:26:41 +0000  >>> Copying /var/folders/z0/rzll25vx7sscyyck33053g240000gn/T/XcodeDistPipeline.~~~W8AUcP/Root 
2023-11-16 08:26:41 +0000  copying file ./Payload/ReliableKkuFrontAdmin.app/_CodeSignature/CodeResources ... 
2023-11-16 08:26:41 +0000  8750 bytes for ./Payload/ReliableKkuFrontAdmin.app/_CodeSignature/CodeResources
2023-11-16 08:26:41 +0000  copying file ./Payload/ReliableKkuFrontAdmin.app/ReliableKkuFrontAdmin ... 
2023-11-16 08:26:41 +0000  3871680 bytes for ./Payload/ReliableKkuFrontAdmin.app/ReliableKkuFrontAdmin
2023-11-16 08:26:41 +0000  copying file ./Payload/ReliableKkuFrontAdmin.app/AccessibilityResources.bundle/en.lproj/Localizable.strings ... 
518 bytes for ./Payload/ReliableKkuFrontAdmin.app/AccessibilityResources.bundle/en.lproj/Localizable.strings
copying file ./Payload/ReliableKkuFrontAdmin.app/AccessibilityResources.bundle/Info.plist ... 
2023-11-16 08:26:41 +0000  794 bytes for ./Payload/ReliableKkuFrontAdmin.app/AccessibilityResources.bundle/Info.plist
copying file ./Payload/ReliableKkuFrontAdmin.app/main.jsbundle ... 
2023-11-16 08:26:42 +0000  7888075 bytes for ./Payload/ReliableKkuFrontAdmin.app/main.jsbundle
2023-11-16 08:26:42 +0000  copying file ./Payload/ReliableKkuFrontAdmin.app/LaunchScreen.storyboardc/01J-lp-oVM-view-Ze5-6b-2t3.nib ... 
3829 bytes for ./Payload/ReliableKkuFrontAdmin.app/LaunchScreen.storyboardc/01J-lp-oVM-view-Ze5-6b-2t3.nib
copying file ./Payload/ReliableKkuFrontAdmin.app/LaunchScreen.storyboardc/UIViewController-01J-lp-oVM.nib ... 
2023-11-16 08:26:42 +0000  924 bytes for ./Payload/ReliableKkuFrontAdmin.app/LaunchScreen.storyboardc/UIViewController-01J-lp-oVM.nib
copying file ./Payload/ReliableKkuFrontAdmin.app/LaunchScreen.storyboardc/Info.plist ... 
258 bytes for ./Payload/ReliableKkuFrontAdmin.app/LaunchScreen.storyboardc/Info.plist
2023-11-16 08:26:42 +0000  copying file ./Payload/ReliableKkuFrontAdmin.app/Frameworks/hermes.framework/_CodeSignature/CodeResources ... 
1798 bytes for ./Payload/ReliableKkuFrontAdmin.app/Frameworks/hermes.framework/_CodeSignature/CodeResources
copying file ./Payload/ReliableKkuFrontAdmin.app/Frameworks/hermes.framework/hermes ... 
2023-11-16 08:26:42 +0000  3240640 bytes for ./Payload/ReliableKkuFrontAdmin.app/Frameworks/hermes.framework/hermes
copying file ./Payload/ReliableKkuFrontAdmin.app/Frameworks/hermes.framework/Info.plist ... 
2023-11-16 08:26:42 +0000  815 bytes for ./Payload/ReliableKkuFrontAdmin.app/Frameworks/hermes.framework/Info.plist
copying file ./Payload/ReliableKkuFrontAdmin.app/embedded.mobileprovision ... 
2023-11-16 08:26:42 +0000  19227 bytes for ./Payload/ReliableKkuFrontAdmin.app/embedded.mobileprovision
2023-11-16 08:26:42 +0000  copying file ./Payload/ReliableKkuFrontAdmin.app/assets/node_modules/@react-navigation/elements/src/assets/back-icon@3x.png ... 
2023-11-16 08:26:42 +0000  761 bytes for ./Payload/ReliableKkuFrontAdmin.app/assets/node_modules/@react-navigation/elements/src/assets/back-icon@3x.png
copying file ./Payload/ReliableKkuFrontAdmin.app/assets/node_modules/@react-navigation/elements/src/assets/back-icon@2x.png ... 
405 bytes for ./Payload/ReliableKkuFrontAdmin.app/assets/node_modules/@react-navigation/elements/src/assets/back-icon@2x.png
copying file ./Payload/ReliableKkuFrontAdmin.app/assets/node_modules/@react-navigation/elements/src/assets/back-icon.png ... 
2023-11-16 08:26:42 +0000  290 bytes for ./Payload/ReliableKkuFrontAdmin.app/assets/node_modules/@react-navigation/elements/src/assets/back-icon.png
copying file ./Payload/ReliableKkuFrontAdmin.app/assets/node_modules/@react-navigation/elements/src/assets/back-icon-mask.png ... 
913 bytes for ./Payload/ReliableKkuFrontAdmin.app/assets/node_modules/@react-navigation/elements/src/assets/back-icon-mask.png
2023-11-16 08:26:42 +0000  copying file ./Payload/ReliableKkuFrontAdmin.app/assets/node_modules/react-native-calendars/src/calendar/img/previous@2x.png ... 
458 bytes for ./Payload/ReliableKkuFrontAdmin.app/assets/node_modules/react-native-calendars/src/calendar/img/previous@2x.png
2023-11-16 08:26:42 +0000  copying file ./Payload/ReliableKkuFrontAdmin.app/assets/node_modules/react-native-calendars/src/calendar/img/next@2x.png ... 
462 bytes for ./Payload/ReliableKkuFrontAdmin.app/assets/node_modules/react-native-calendars/src/calendar/img/next@2x.png
copying file ./Payload/ReliableKkuFrontAdmin.app/assets/node_modules/react-native-calendars/src/img/down@3x.png ... 
2023-11-16 08:26:42 +0000  508 bytes for ./Payload/ReliableKkuFrontAdmin.app/assets/node_modules/react-native-calendars/src/img/down@3x.png
copying file ./Payload/ReliableKkuFrontAdmin.app/assets/node_modules/react-native-calendars/src/img/down@2x.png ... 
354 bytes for ./Payload/ReliableKkuFrontAdmin.app/assets/node_modules/react-native-calendars/src/img/down@2x.png
copying file ./Payload/ReliableKkuFrontAdmin.app/assets/node_modules/react-native-calendars/src/img/up.png ... 
2023-11-16 08:26:42 +0000  215 bytes for ./Payload/ReliableKkuFrontAdmin.app/assets/node_modules/react-native-calendars/src/img/up.png
copying file ./Payload/ReliableKkuFrontAdmin.app/assets/node_modules/react-native-calendars/src/img/down.png ... 
208 bytes for ./Payload/ReliableKkuFrontAdmin.app/assets/node_modules/react-native-calendars/src/img/down.png
copying file ./Payload/ReliableKkuFrontAdmin.app/assets/node_modules/react-native-calendars/src/img/up@2x.png ... 
2023-11-16 08:26:42 +0000  347 bytes for ./Payload/ReliableKkuFrontAdmin.app/assets/node_modules/react-native-calendars/src/img/up@2x.png
copying file ./Payload/ReliableKkuFrontAdmin.app/assets/node_modules/react-native-calendars/src/img/up@3x.png ... 
504 bytes for ./Payload/ReliableKkuFrontAdmin.app/assets/node_modules/react-native-calendars/src/img/up@3x.png
2023-11-16 08:26:42 +0000  copying file ./Payload/ReliableKkuFrontAdmin.app/assets/src/assets/sound/alram.mp3 ... 
2023-11-16 08:26:42 +0000  36864 bytes for ./Payload/ReliableKkuFrontAdmin.app/assets/src/assets/sound/alram.mp3
copying file ./Payload/ReliableKkuFrontAdmin.app/Info.plist ... 
2023-11-16 08:26:42 +0000  1526 bytes for ./Payload/ReliableKkuFrontAdmin.app/Info.plist
copying file ./Payload/ReliableKkuFrontAdmin.app/PkgInfo ... 
8 bytes for ./Payload/ReliableKkuFrontAdmin.app/PkgInfo
2023-11-16 08:26:42 +0000  /usr/bin/ditto exited with 0
2023-11-16 08:26:42 +0000  Processing step: IDEDistributionAppStoreInformationStep
2023-11-16 08:26:42 +0000  Skipping step: IDEDistributionAppStoreInformationStep because it said so
2023-11-16 08:26:42 +0000  Processing step: IDEDistributionGenerateProcessedDistributionItems
2023-11-16 08:26:42 +0000  IDEDistributionItem init <DVTFilePath:0x60000dc717a0:'/var/folders/z0/rzll25vx7sscyyck33053g240000gn/T/XcodeDistPipeline.~~~W8AUcP/Root/Payload/ReliableKkuFrontAdmin.app/Frameworks/hermes.framework'>
2023-11-16 08:26:42 +0000  IDEDistributionItem init <DVTFilePath:0x60000da10600:'/var/folders/z0/rzll25vx7sscyyck33053g240000gn/T/XcodeDistPipeline.~~~W8AUcP/Root/Payload/ReliableKkuFrontAdmin.app'>
2023-11-16 08:26:42 +0000  Processing step: IDEDistributionCreateManifestStep
